"../../../Engine/Content/EditorResources/S_Actor.ubulk" 0
"../../../Engine/Content/EditorResources/S_Actor.uasset" 1
"../../../Engine/Content/EditorResources/S_Actor.uexp" 2
"../../../Engine/Content/EditorResources/S_BoxReflectionCapture.uasset" 3
"../../../Engine/Content/EditorResources/S_BoxReflectionCapture.uexp" 4
"../../../Engine/Content/EngineResources/DefaultTexture.ubulk" 5
"../../../Engine/Content/EngineResources/DefaultTexture.uasset" 6
"../../../Engine/Content/EngineResources/DefaultTexture.uexp" 7
"../../../Engine/Content/EngineResources/DefaultTextureCube.uasset" 8
"../../../Engine/Content/EngineResources/DefaultTextureCube.uexp" 9
"../../../Engine/Content/EngineResources/DefaultVolumeTexture2D.uasset" 10
"../../../Engine/Content/EngineResources/DefaultVolumeTexture2D.uexp" 11
"../../../Engine/Content/EngineResources/DefaultVolumeTexture.uasset" 12
"../../../Engine/Content/EngineResources/DefaultVolumeTexture.uexp" 13
"../../../Engine/Content/EditorResources/S_Trigger.ubulk" 14
"../../../Engine/Content/EditorResources/S_Trigger.uasset" 15
"../../../Engine/Content/EditorResources/S_Trigger.uexp" 16
"../../../Engine/Content/EditorResources/S_TriggerBox.uasset" 17
"../../../Engine/Content/EditorResources/S_TriggerBox.uexp" 18
"../../../Engine/Content/EditorResources/S_TriggerCapsule.uasset" 19
"../../../Engine/Content/EditorResources/S_TriggerCapsule.uexp" 20
"../../../Engine/Content/EditorResources/S_TriggerSphere.uasset" 21
"../../../Engine/Content/EditorResources/S_TriggerSphere.uexp" 22
"../../../Engine/Content/EngineMeshes/Sphere.ubulk" 23
"../../../Engine/Content/EngineMeshes/Sphere.uasset" 24
"../../../Engine/Content/EngineMeshes/Sphere.uexp" 25
"../../../Engine/Content/EngineResources/GradientTexture0.uasset" 26
"../../../Engine/Content/EngineResources/GradientTexture0.uexp" 27
"../../../Engine/Content/EngineResources/Black.uasset" 28
"../../../Engine/Content/EngineResources/Black.uexp" 29
"../../../Engine/Content/VREditor/LaserPointer/VR_LaserPower_01.ubulk" 30
"../../../Engine/Content/VREditor/LaserPointer/VR_LaserPower_01.uasset" 31
"../../../Engine/Content/VREditor/LaserPointer/VR_LaserPower_01.uexp" 32
"../../../Engine/Content/VREditor/TransformGizmo/TransformGizmoMaterial.uasset" 33
"../../../Engine/Content/VREditor/TransformGizmo/TransformGizmoMaterial.uexp" 34
"../../../Engine/Content/VREditor/TransformGizmo/TranslucentTransformGizmoMaterial.uasset" 35
"../../../Engine/Content/VREditor/TransformGizmo/TranslucentTransformGizmoMaterial.uexp" 36
"../../../Engine/Content/VREditor/TransformGizmo/PlaneTranslationHandle.ubulk" 37
"../../../Engine/Content/VREditor/TransformGizmo/PlaneTranslationHandle.uasset" 38
"../../../Engine/Content/VREditor/TransformGizmo/PlaneTranslationHandle.uexp" 39
"../../../Engine/Content/VREditor/TransformGizmo/BoundingBoxCorner.ubulk" 40
"../../../Engine/Content/VREditor/TransformGizmo/BoundingBoxCorner.uasset" 41
"../../../Engine/Content/VREditor/TransformGizmo/BoundingBoxCorner.uexp" 42
"../../../Engine/Content/VREditor/TransformGizmo/BoundingBoxEdge.ubulk" 43
"../../../Engine/Content/VREditor/TransformGizmo/BoundingBoxEdge.uasset" 44
"../../../Engine/Content/VREditor/TransformGizmo/BoundingBoxEdge.uexp" 45
"../../../Engine/Content/VREditor/TransformGizmo/Main.uasset" 46
"../../../Engine/Content/VREditor/TransformGizmo/Main.uexp" 47
"../../../Engine/Content/VREditor/TransformGizmo/Xray.uasset" 48
"../../../Engine/Content/VREditor/TransformGizmo/Xray.uexp" 49
"../../../Engine/Content/VREditor/TransformGizmo/SM_Sequencer_Node.ubulk" 50
"../../../Engine/Content/VREditor/TransformGizmo/SM_Sequencer_Node.uasset" 51
"../../../Engine/Content/VREditor/TransformGizmo/SM_Sequencer_Node.uexp" 52
"../../../Engine/Content/EditorMaterials/Camera/CineMat.uasset" 53
"../../../Engine/Content/EditorMaterials/Camera/CineMat.uexp" 54
"../../../Engine/Content/EditorMaterials/Camera/MI_CineMat_Rig.uasset" 55
"../../../Engine/Content/EditorMaterials/Camera/MI_CineMat_Rig.uexp" 56
"../../../Engine/Content/EditorMeshes/Camera/SM_CraneRig_Base.ubulk" 57
"../../../Engine/Content/EditorMeshes/Camera/SM_CraneRig_Base.uasset" 58
"../../../Engine/Content/EditorMeshes/Camera/SM_CraneRig_Base.uexp" 59
"../../../Engine/Content/EditorMeshes/Camera/SM_CraneRig_Arm.ubulk" 60
"../../../Engine/Content/EditorMeshes/Camera/SM_CraneRig_Arm.uasset" 61
"../../../Engine/Content/EditorMeshes/Camera/SM_CraneRig_Arm.uexp" 62
"../../../Engine/Content/EditorMeshes/Camera/SM_CraneRig_Mount.ubulk" 63
"../../../Engine/Content/EditorMeshes/Camera/SM_CraneRig_Mount.uasset" 64
"../../../Engine/Content/EditorMeshes/Camera/SM_CraneRig_Mount.uexp" 65
"../../../Engine/Content/EditorMeshes/Camera/SM_CraneRig_Body.ubulk" 66
"../../../Engine/Content/EditorMeshes/Camera/SM_CraneRig_Body.uasset" 67
"../../../Engine/Content/EditorMeshes/Camera/SM_CraneRig_Body.uexp" 68
"../../../Engine/Content/EditorMeshes/Camera/SM_RailRig_Track.ubulk" 69
"../../../Engine/Content/EditorMeshes/Camera/SM_RailRig_Track.uasset" 70
"../../../Engine/Content/EditorMeshes/Camera/SM_RailRig_Track.uexp" 71
"../../../Engine/Content/EditorMeshes/Camera/SM_RailRig_Mount.ubulk" 72
"../../../Engine/Content/EditorMeshes/Camera/SM_RailRig_Mount.uasset" 73
"../../../Engine/Content/EditorMeshes/Camera/SM_RailRig_Mount.uexp" 74
"../../../Engine/Content/EngineMaterials/T_Default_Material_Grid_M.ubulk" 75
"../../../Engine/Content/EngineMaterials/T_Default_Material_Grid_M.uasset" 76
"../../../Engine/Content/EngineMaterials/T_Default_Material_Grid_M.uexp" 77
"../../../Engine/Content/EngineMaterials/T_Default_Material_Grid_N.ubulk" 78
"../../../Engine/Content/EngineMaterials/T_Default_Material_Grid_N.uasset" 79
"../../../Engine/Content/EngineMaterials/T_Default_Material_Grid_N.uexp" 80
"../../../Engine/Content/Functions/Engine_MaterialFunctions01/Opacity/CameraDepthFade.uasset" 81
"../../../Engine/Content/Functions/Engine_MaterialFunctions01/Opacity/CameraDepthFade.uexp" 82
"../../../Engine/Content/EngineMaterials/WorldGridMaterial.uasset" 83
"../../../Engine/Content/EngineMaterials/WorldGridMaterial.uexp" 84
"../../../Engine/Content/ArtTools/RenderToTexture/Meshes/S_1_Unit_Plane.ubulk" 85
"../../../Engine/Content/ArtTools/RenderToTexture/Meshes/S_1_Unit_Plane.uasset" 86
"../../../Engine/Content/ArtTools/RenderToTexture/Meshes/S_1_Unit_Plane.uexp" 87
"../../../Engine/Content/EditorMaterials/ParticleSystems/PSysThumbnail_NoImage.ubulk" 88
"../../../Engine/Content/EditorMaterials/ParticleSystems/PSysThumbnail_NoImage.uasset" 89
"../../../Engine/Content/EditorMaterials/ParticleSystems/PSysThumbnail_NoImage.uexp" 90
"../../../Engine/Content/EditorMaterials/ParticleSystems/PSysThumbnail_OOD.ubulk" 91
"../../../Engine/Content/EditorMaterials/ParticleSystems/PSysThumbnail_OOD.uasset" 92
"../../../Engine/Content/EditorMaterials/ParticleSystems/PSysThumbnail_OOD.uexp" 93
"../../../Engine/Content/EditorLandscapeResources/SplineEditorMeshMat.uasset" 94
"../../../Engine/Content/EditorLandscapeResources/SplineEditorMeshMat.uexp" 95
"../../../Engine/Content/EditorLandscapeResources/SplineEditorMesh.ubulk" 96
"../../../Engine/Content/EditorLandscapeResources/SplineEditorMesh.uasset" 97
"../../../Engine/Content/EditorLandscapeResources/SplineEditorMesh.uexp" 98
"../../../Engine/Content/EditorResources/S_Solver.ubulk" 99
"../../../Engine/Content/EditorResources/S_Solver.uasset" 100
"../../../Engine/Content/EditorResources/S_Solver.uexp" 101
"../../../Engine/Plugins/Media/MediaPlate/Content/SM_MediaPlateScreen.ubulk" 102
"../../../Engine/Plugins/Media/MediaPlate/Content/SM_MediaPlateScreen.uasset" 103
"../../../Engine/Plugins/Media/MediaPlate/Content/SM_MediaPlateScreen.uexp" 104
"../../../Engine/Content/EngineMaterials/Good64x64TilingNoiseHighFreq.uasset" 105
"../../../Engine/Content/EngineMaterials/Good64x64TilingNoiseHighFreq.uexp" 106
"../../../Engine/Content/EngineMaterials/DefaultBokeh.uasset" 107
"../../../Engine/Content/EngineMaterials/DefaultBokeh.uexp" 108
"../../../Engine/Content/EngineMaterials/PreintegratedSkinBRDF.uasset" 109
"../../../Engine/Content/EngineMaterials/PreintegratedSkinBRDF.uexp" 110
"../../../Engine/Content/EngineMaterials/MiniFont.uasset" 111
"../../../Engine/Content/EngineMaterials/MiniFont.uexp" 112
"../../../Engine/Content/EngineMaterials/WeightMapPlaceholderTexture.uasset" 113
"../../../Engine/Content/EngineMaterials/WeightMapPlaceholderTexture.uexp" 114
"../../../Engine/Content/EngineMaterials/DefaultWhiteGrid.ubulk" 115
"../../../Engine/Content/EngineMaterials/DefaultWhiteGrid.uasset" 116
"../../../Engine/Content/EngineMaterials/DefaultWhiteGrid.uexp" 117
"../../../Engine/Plugins/2D/Paper2D/Content/PlaceholderTextures/DummySpriteTexture.ubulk" 118
"../../../Engine/Plugins/2D/Paper2D/Content/PlaceholderTextures/DummySpriteTexture.uasset" 119
"../../../Engine/Plugins/2D/Paper2D/Content/PlaceholderTextures/DummySpriteTexture.uexp" 120
"../../../Engine/Plugins/2D/Paper2D/Content/DefaultSpriteMaterial.uasset" 121
"../../../Engine/Plugins/2D/Paper2D/Content/DefaultSpriteMaterial.uexp" 122
"../../../Engine/Plugins/2D/Paper2D/Content/OpaqueUnlitSpriteMaterial.uasset" 123
"../../../Engine/Plugins/2D/Paper2D/Content/OpaqueUnlitSpriteMaterial.uexp" 124
"../../../Engine/Plugins/2D/Paper2D/Content/MaskedUnlitSpriteMaterial.uasset" 125
"../../../Engine/Plugins/2D/Paper2D/Content/MaskedUnlitSpriteMaterial.uexp" 126
"../../../Engine/Plugins/2D/Paper2D/Content/DummySprite.uasset" 127
"../../../Engine/Plugins/2D/Paper2D/Content/DummySprite.uexp" 128
"../../../Engine/Plugins/2D/Paper2D/Content/DefaultPaperTerrainMaterial.uasset" 129
"../../../Engine/Plugins/2D/Paper2D/Content/DefaultPaperTerrainMaterial.uexp" 130
"../../../Engine/Content/Functions/Engine_MaterialFunctions02/WorldPositionOffset/CameraOffset.uasset" 131
"../../../Engine/Content/Functions/Engine_MaterialFunctions02/WorldPositionOffset/CameraOffset.uexp" 132
"../../../Engine/Plugins/Animation/ControlRig/Content/M_Manip.uasset" 133
"../../../Engine/Plugins/Animation/ControlRig/Content/M_Manip.uexp" 134
"../../../Engine/Content/Animation/DefaultRecorderBoneCompression.uasset" 135
"../../../Engine/Content/Animation/DefaultRecorderBoneCompression.uexp" 136
"../../../Engine/Content/Animation/DefaultAnimCurveCompressionSettings.uasset" 137
"../../../Engine/Content/Animation/DefaultAnimCurveCompressionSettings.uexp" 138
"../../../Engine/Content/Animation/DefaultAnimBoneCompressionSettings.uasset" 139
"../../../Engine/Content/Animation/DefaultAnimBoneCompressionSettings.uexp" 140
"../../../Engine/Content/Functions/Engine_MaterialFunctions02/Utility/CameraDirectionVector.uasset" 141
"../../../Engine/Content/Functions/Engine_MaterialFunctions02/Utility/CameraDirectionVector.uexp" 142
"../../../Engine/Content/EngineDebugMaterials/VolumeToRender.uasset" 143
"../../../Engine/Content/EngineDebugMaterials/VolumeToRender.uexp" 144
"../../../Engine/Content/EngineDebugMaterials/M_VolumeRenderSphereTracePP.uasset" 145
"../../../Engine/Content/EngineDebugMaterials/M_VolumeRenderSphereTracePP.uexp" 146
"../../../Engine/Content/EngineDebugMaterials/M_SimpleUnlitTranslucent.uasset" 147
"../../../Engine/Content/EngineDebugMaterials/M_SimpleUnlitTranslucent.uexp" 148
"../../../Engine/Content/EngineResources/WhiteSquareTexture.uasset" 149
"../../../Engine/Content/EngineResources/WhiteSquareTexture.uexp" 150
"../../../Engine/Content/EngineMaterials/Widget3DPassThrough.uasset" 151
"../../../Engine/Content/EngineMaterials/Widget3DPassThrough.uexp" 152
"../../../Engine/Content/EngineMaterials/Widget3DPassThrough_Translucent.uasset" 153
"../../../Engine/Content/EngineMaterials/Widget3DPassThrough_Translucent.uexp" 154
"../../../Engine/Content/EngineMaterials/Widget3DPassThrough_Translucent_OneSided.uasset" 155
"../../../Engine/Content/EngineMaterials/Widget3DPassThrough_Translucent_OneSided.uexp" 156
"../../../Engine/Plugins/Animation/ControlRig/Content/Controls/DefaultGizmoLibraryNormalized.uasset" 157
"../../../Engine/Plugins/Animation/ControlRig/Content/Controls/DefaultGizmoLibraryNormalized.uexp" 158
"../../../Engine/Plugins/Animation/ControlRig/Content/Controls/ControlRig_Wedge_solid.ubulk" 159
"../../../Engine/Plugins/Animation/ControlRig/Content/Controls/ControlRig_Wedge_solid.uasset" 160
"../../../Engine/Plugins/Animation/ControlRig/Content/Controls/ControlRig_Wedge_solid.uexp" 161
"../../../Engine/Plugins/Animation/ControlRig/Content/Controls/ControlRig_Wedge_3mm.ubulk" 162
"../../../Engine/Plugins/Animation/ControlRig/Content/Controls/ControlRig_Wedge_3mm.uasset" 163
"../../../Engine/Plugins/Animation/ControlRig/Content/Controls/ControlRig_Wedge_3mm.uexp" 164
"../../../Engine/Plugins/Animation/ControlRig/Content/Controls/ControlRig_Wedge_1mm.ubulk" 165
"../../../Engine/Plugins/Animation/ControlRig/Content/Controls/ControlRig_Wedge_1mm.uasset" 166
"../../../Engine/Plugins/Animation/ControlRig/Content/Controls/ControlRig_Wedge_1mm.uexp" 167
"../../../Engine/Plugins/Animation/ControlRig/Content/Controls/ControlRig_Triangle_solid.ubulk" 168
"../../../Engine/Plugins/Animation/ControlRig/Content/Controls/ControlRig_Triangle_solid.uasset" 169
"../../../Engine/Plugins/Animation/ControlRig/Content/Controls/ControlRig_Triangle_solid.uexp" 170
"../../../Engine/Plugins/Animation/ControlRig/Content/Controls/ControlRig_Triangle_3mm.ubulk" 171
"../../../Engine/Plugins/Animation/ControlRig/Content/Controls/ControlRig_Triangle_3mm.uasset" 172
"../../../Engine/Plugins/Animation/ControlRig/Content/Controls/ControlRig_Triangle_3mm.uexp" 173
"../../../Engine/Plugins/Animation/ControlRig/Content/Controls/ControlRig_Triangle_1mm.ubulk" 174
"../../../Engine/Plugins/Animation/ControlRig/Content/Controls/ControlRig_Triangle_1mm.uasset" 175
"../../../Engine/Plugins/Animation/ControlRig/Content/Controls/ControlRig_Triangle_1mm.uexp" 176
"../../../Engine/Plugins/Animation/ControlRig/Content/Controls/ControlRig_Star4_solid.ubulk" 177
"../../../Engine/Plugins/Animation/ControlRig/Content/Controls/ControlRig_Star4_solid.uasset" 178
"../../../Engine/Plugins/Animation/ControlRig/Content/Controls/ControlRig_Star4_solid.uexp" 179
"../../../Engine/Plugins/Animation/ControlRig/Content/Controls/ControlRig_Star4_3mm.ubulk" 180
"../../../Engine/Plugins/Animation/ControlRig/Content/Controls/ControlRig_Star4_3mm.uasset" 181
"../../../Engine/Plugins/Animation/ControlRig/Content/Controls/ControlRig_Star4_3mm.uexp" 182
"../../../Engine/Plugins/Animation/ControlRig/Content/Controls/ControlRig_Star4_1mm.ubulk" 183
"../../../Engine/Plugins/Animation/ControlRig/Content/Controls/ControlRig_Star4_1mm.uasset" 184
"../../../Engine/Plugins/Animation/ControlRig/Content/Controls/ControlRig_Star4_1mm.uexp" 185
"../../../Engine/Plugins/Animation/ControlRig/Content/Controls/ControlRig_Square_solid.ubulk" 186
"../../../Engine/Plugins/Animation/ControlRig/Content/Controls/ControlRig_Square_solid.uasset" 187
"../../../Engine/Plugins/Animation/ControlRig/Content/Controls/ControlRig_Square_solid.uexp" 188
"../../../Engine/Plugins/Animation/ControlRig/Content/Controls/ControlRig_Square_3mm.ubulk" 189
"../../../Engine/Plugins/Animation/ControlRig/Content/Controls/ControlRig_Square_3mm.uasset" 190
"../../../Engine/Plugins/Animation/ControlRig/Content/Controls/ControlRig_Square_3mm.uexp" 191
"../../../Engine/Plugins/Animation/ControlRig/Content/Controls/ControlRig_Square_1mm.ubulk" 192
"../../../Engine/Plugins/Animation/ControlRig/Content/Controls/ControlRig_Square_1mm.uasset" 193
"../../../Engine/Plugins/Animation/ControlRig/Content/Controls/ControlRig_Square_1mm.uexp" 194
"../../../Engine/Plugins/Animation/ControlRig/Content/Controls/ControlRig_Sphere_solid.ubulk" 195
"../../../Engine/Plugins/Animation/ControlRig/Content/Controls/ControlRig_Sphere_solid.uasset" 196
"../../../Engine/Plugins/Animation/ControlRig/Content/Controls/ControlRig_Sphere_solid.uexp" 197
"../../../Engine/Plugins/Animation/ControlRig/Content/Controls/ControlRig_Sphere_3mm.ubulk" 198
"../../../Engine/Plugins/Animation/ControlRig/Content/Controls/ControlRig_Sphere_3mm.uasset" 199
"../../../Engine/Plugins/Animation/ControlRig/Content/Controls/ControlRig_Sphere_3mm.uexp" 200
"../../../Engine/Plugins/Animation/ControlRig/Content/Controls/ControlRig_Sphere_1mm.ubulk" 201
"../../../Engine/Plugins/Animation/ControlRig/Content/Controls/ControlRig_Sphere_1mm.uasset" 202
"../../../Engine/Plugins/Animation/ControlRig/Content/Controls/ControlRig_Sphere_1mm.uexp" 203
"../../../Engine/Plugins/Animation/ControlRig/Content/Controls/ControlRig_RoundedTriangle_solid.ubulk" 204
"../../../Engine/Plugins/Animation/ControlRig/Content/Controls/ControlRig_RoundedTriangle_solid.uasset" 205
"../../../Engine/Plugins/Animation/ControlRig/Content/Controls/ControlRig_RoundedTriangle_solid.uexp" 206
"../../../Engine/Plugins/Animation/ControlRig/Content/Controls/ControlRig_RoundedTriangle_3mm.ubulk" 207
"../../../Engine/Plugins/Animation/ControlRig/Content/Controls/ControlRig_RoundedTriangle_3mm.uasset" 208
"../../../Engine/Plugins/Animation/ControlRig/Content/Controls/ControlRig_RoundedTriangle_3mm.uexp" 209
"../../../Engine/Plugins/Animation/ControlRig/Content/Controls/ControlRig_RoundedTriangle_1mm.ubulk" 210
"../../../Engine/Plugins/Animation/ControlRig/Content/Controls/ControlRig_RoundedTriangle_1mm.uasset" 211
"../../../Engine/Plugins/Animation/ControlRig/Content/Controls/ControlRig_RoundedTriangle_1mm.uexp" 212
"../../../Engine/Plugins/Runtime/MeshModelingToolset/Content/Materials/M_DynamicMeshComponentVtxColor.uasset" 213
"../../../Engine/Plugins/Runtime/MeshModelingToolset/Content/Materials/M_DynamicMeshComponentVtxColor.uexp" 214
"../../../Engine/Plugins/Interchange/Runtime/Content/Pipelines/DefaultTexturePipeline.uasset" 215
"../../../Engine/Plugins/Interchange/Runtime/Content/Pipelines/DefaultTexturePipeline.uexp" 216
"../../../Engine/Plugins/Interchange/Runtime/Content/Pipelines/DefaultSceneLevelPipeline.uasset" 217
"../../../Engine/Plugins/Interchange/Runtime/Content/Pipelines/DefaultSceneLevelPipeline.uexp" 218
"../../../Engine/Plugins/Interchange/Runtime/Content/Pipelines/DefaultSceneAssetsPipeline.uasset" 219
"../../../Engine/Plugins/Interchange/Runtime/Content/Pipelines/DefaultSceneAssetsPipeline.uexp" 220
"../../../Engine/Plugins/Interchange/Runtime/Content/Pipelines/DefaultMaterialPipeline.uasset" 221
"../../../Engine/Plugins/Interchange/Runtime/Content/Pipelines/DefaultMaterialPipeline.uexp" 222
"../../../Engine/Plugins/Interchange/Runtime/Content/Pipelines/DefaultAssetsPipeline.uasset" 223
"../../../Engine/Plugins/Interchange/Runtime/Content/Pipelines/DefaultAssetsPipeline.uexp" 224
"../../../Engine/Plugins/Editor/SpeedTreeImporter/Content/SpeedTree9/game_wind_noise.ubulk" 225
"../../../Engine/Plugins/Editor/SpeedTreeImporter/Content/SpeedTree9/game_wind_noise.uasset" 226
"../../../Engine/Plugins/Editor/SpeedTreeImporter/Content/SpeedTree9/game_wind_noise.uexp" 227
"../../../Engine/Plugins/Editor/SpeedTreeImporter/Content/SpeedTree9/UnpackDirection.uasset" 228
"../../../Engine/Plugins/Editor/SpeedTreeImporter/Content/SpeedTree9/UnpackDirection.uexp" 229
"../../../Engine/Content/Functions/Engine_MaterialFunctions02/ObjectLocalBounds.uasset" 230
"../../../Engine/Content/Functions/Engine_MaterialFunctions02/ObjectLocalBounds.uexp" 231
"../../../Engine/Content/Functions/Engine_MaterialFunctions02/Utility/BreakOutFloat3Components.uasset" 232
"../../../Engine/Content/Functions/Engine_MaterialFunctions02/Utility/BreakOutFloat3Components.uexp" 233
"../../../Engine/Content/Functions/Engine_MaterialFunctions02/UVs/BoundingBoxBased_0-1_UVW.uasset" 234
"../../../Engine/Content/Functions/Engine_MaterialFunctions02/UVs/BoundingBoxBased_0-1_UVW.uexp" 235
"../../../Engine/Content/Functions/Engine_MaterialFunctions02/Utility/VectorLength.uasset" 236
"../../../Engine/Content/Functions/Engine_MaterialFunctions02/Utility/VectorLength.uexp" 237
"../../../Engine/Plugins/Editor/SpeedTreeImporter/Content/SpeedTree9/UnpackInteger3.uasset" 238
"../../../Engine/Plugins/Editor/SpeedTreeImporter/Content/SpeedTree9/UnpackInteger3.uexp" 239
"../../../Engine/Plugins/Editor/SpeedTreeImporter/Content/SpeedTree9/SpeedTreeCameraFacing.uasset" 240
"../../../Engine/Plugins/Editor/SpeedTreeImporter/Content/SpeedTree9/SpeedTreeCameraFacing.uexp" 241
"../../../Engine/Content/Functions/Engine_MaterialFunctions02/WorldPositionOffset/ObjectScale.uasset" 242
"../../../Engine/Content/Functions/Engine_MaterialFunctions02/WorldPositionOffset/ObjectScale.uexp" 243
"../../../Engine/Content/Functions/Engine_MaterialFunctions02/SafeNormalize.uasset" 244
"../../../Engine/Content/Functions/Engine_MaterialFunctions02/SafeNormalize.uexp" 245
"../../../Engine/Plugins/Editor/SpeedTreeImporter/Content/SpeedTree9/SpeedTreeWindMotion.uasset" 246
"../../../Engine/Plugins/Editor/SpeedTreeImporter/Content/SpeedTree9/SpeedTreeWindMotion.uexp" 247
"../../../Engine/Plugins/Editor/SpeedTreeImporter/Content/SpeedTree9/SpeedTreeBranchMotion.uasset" 248
"../../../Engine/Plugins/Editor/SpeedTreeImporter/Content/SpeedTree9/SpeedTreeBranchMotion.uexp" 249
"../../../Engine/Plugins/Editor/SpeedTreeImporter/Content/SpeedTree9/SpeedTreeWind.uasset" 250
"../../../Engine/Plugins/Editor/SpeedTreeImporter/Content/SpeedTree9/SpeedTreeWind.uexp" 251
"../../../Engine/Plugins/Editor/SpeedTreeImporter/Content/SpeedTree9/EmptyNormal.uasset" 252
"../../../Engine/Plugins/Editor/SpeedTreeImporter/Content/SpeedTree9/EmptyNormal.uexp" 253
"../../../Engine/Plugins/Editor/SpeedTreeImporter/Content/SpeedTree9/Empty.uasset" 254
"../../../Engine/Plugins/Editor/SpeedTreeImporter/Content/SpeedTree9/Empty.uexp" 255
"../../../Engine/Plugins/Editor/SpeedTreeImporter/Content/SpeedTree9/SpeedTreeMaster.uasset" 256
"../../../Engine/Plugins/Editor/SpeedTreeImporter/Content/SpeedTree9/SpeedTreeMaster.uexp" 257
"../../../Engine/Plugins/Editor/SpeedTreeImporter/Content/SpeedTree9/SpeedTreeBillboard.uasset" 258
"../../../Engine/Plugins/Editor/SpeedTreeImporter/Content/SpeedTree9/SpeedTreeBillboard.uexp" 259
"../../../Engine/Plugins/Editor/SpeedTreeImporter/Content/SpeedTree9/SpeedTreeBillboardMaster.uasset" 260
"../../../Engine/Plugins/Editor/SpeedTreeImporter/Content/SpeedTree9/SpeedTreeBillboardMaster.uexp" 261
"../../../Engine/Plugins/Animation/ControlRig/Content/Controls/ControlRig_RoundedSquare_solid.ubulk" 262
"../../../Engine/Plugins/Animation/ControlRig/Content/Controls/ControlRig_RoundedSquare_solid.uasset" 263
"../../../Engine/Plugins/Animation/ControlRig/Content/Controls/ControlRig_RoundedSquare_solid.uexp" 264
"../../../Engine/Plugins/Animation/ControlRig/Content/Controls/ControlRig_RoundedSquare_3mm.ubulk" 265
"../../../Engine/Plugins/Animation/ControlRig/Content/Controls/ControlRig_RoundedSquare_3mm.uasset" 266
"../../../Engine/Plugins/Animation/ControlRig/Content/Controls/ControlRig_RoundedSquare_3mm.uexp" 267
"../../../Engine/Plugins/Animation/ControlRig/Content/Controls/ControlRig_RoundedSquare_1mm.ubulk" 268
"../../../Engine/Plugins/Animation/ControlRig/Content/Controls/ControlRig_RoundedSquare_1mm.uasset" 269
"../../../Engine/Plugins/Animation/ControlRig/Content/Controls/ControlRig_RoundedSquare_1mm.uexp" 270
"../../../Engine/Plugins/Animation/ControlRig/Content/Controls/ControlRig_QuarterCircle_solid.ubulk" 271
"../../../Engine/Plugins/Animation/ControlRig/Content/Controls/ControlRig_QuarterCircle_solid.uasset" 272
"../../../Engine/Plugins/Animation/ControlRig/Content/Controls/ControlRig_QuarterCircle_solid.uexp" 273
"../../../Engine/Plugins/Animation/ControlRig/Content/Controls/ControlRig_QuarterCircle_3mm.ubulk" 274
"../../../Engine/Plugins/Animation/ControlRig/Content/Controls/ControlRig_QuarterCircle_3mm.uasset" 275
"../../../Engine/Plugins/Animation/ControlRig/Content/Controls/ControlRig_QuarterCircle_3mm.uexp" 276
"../../../Engine/Plugins/Animation/ControlRig/Content/Controls/ControlRig_QuarterCircle_1mm.ubulk" 277
"../../../Engine/Plugins/Animation/ControlRig/Content/Controls/ControlRig_QuarterCircle_1mm.uasset" 278
"../../../Engine/Plugins/Animation/ControlRig/Content/Controls/ControlRig_QuarterCircle_1mm.uexp" 279
"../../../Engine/Plugins/Animation/ControlRig/Content/Controls/ControlRig_Pyramid_solid.ubulk" 280
"../../../Engine/Plugins/Animation/ControlRig/Content/Controls/ControlRig_Pyramid_solid.uasset" 281
"../../../Engine/Plugins/Animation/ControlRig/Content/Controls/ControlRig_Pyramid_solid.uexp" 282
"../../../Engine/Plugins/Animation/ControlRig/Content/Controls/ControlRig_Pyramid_3mm.ubulk" 283
"../../../Engine/Plugins/Animation/ControlRig/Content/Controls/ControlRig_Pyramid_3mm.uasset" 284
"../../../Engine/Plugins/Animation/ControlRig/Content/Controls/ControlRig_Pyramid_3mm.uexp" 285
"../../../Engine/Plugins/Animation/ControlRig/Content/Controls/ControlRig_Pyramid_1mm.ubulk" 286
"../../../Engine/Plugins/Animation/ControlRig/Content/Controls/ControlRig_Pyramid_1mm.uasset" 287
"../../../Engine/Plugins/Animation/ControlRig/Content/Controls/ControlRig_Pyramid_1mm.uexp" 288
"../../../Engine/Plugins/Animation/ControlRig/Content/Controls/ControlRig_Octagon_solid.ubulk" 289
"../../../Engine/Plugins/Animation/ControlRig/Content/Controls/ControlRig_Octagon_solid.uasset" 290
"../../../Engine/Plugins/Animation/ControlRig/Content/Controls/ControlRig_Octagon_solid.uexp" 291
"../../../Engine/Plugins/Animation/ControlRig/Content/Controls/ControlRig_Octagon_3mm.ubulk" 292
"../../../Engine/Plugins/Animation/ControlRig/Content/Controls/ControlRig_Octagon_3mm.uasset" 293
"../../../Engine/Plugins/Animation/ControlRig/Content/Controls/ControlRig_Octagon_3mm.uexp" 294
"../../../Engine/Plugins/Animation/ControlRig/Content/Controls/ControlRig_Octagon_1mm.ubulk" 295
"../../../Engine/Plugins/Animation/ControlRig/Content/Controls/ControlRig_Octagon_1mm.uasset" 296
"../../../Engine/Plugins/Animation/ControlRig/Content/Controls/ControlRig_Octagon_1mm.uexp" 297
"../../../Engine/Plugins/Animation/ControlRig/Content/Controls/ControlRig_Hexagon_solid.ubulk" 298
"../../../Engine/Plugins/Animation/ControlRig/Content/Controls/ControlRig_Hexagon_solid.uasset" 299
"../../../Engine/Plugins/Animation/ControlRig/Content/Controls/ControlRig_Hexagon_solid.uexp" 300
"../../../Engine/Plugins/Animation/ControlRig/Content/Controls/ControlRig_Hexagon_3mm.ubulk" 301
"../../../Engine/Plugins/Animation/ControlRig/Content/Controls/ControlRig_Hexagon_3mm.uasset" 302
"../../../Engine/Plugins/Animation/ControlRig/Content/Controls/ControlRig_Hexagon_3mm.uexp" 303
"../../../Engine/Plugins/Animation/ControlRig/Content/Controls/ControlRig_Hexagon_1mm.ubulk" 304
"../../../Engine/Plugins/Animation/ControlRig/Content/Controls/ControlRig_Hexagon_1mm.uasset" 305
"../../../Engine/Plugins/Animation/ControlRig/Content/Controls/ControlRig_Hexagon_1mm.uexp" 306
"../../../Engine/Plugins/Animation/ControlRig/Content/Controls/ControlRig_HalfCircle_solid.ubulk" 307
"../../../Engine/Plugins/Animation/ControlRig/Content/Controls/ControlRig_HalfCircle_solid.uasset" 308
"../../../Engine/Plugins/Animation/ControlRig/Content/Controls/ControlRig_HalfCircle_solid.uexp" 309
"../../../Engine/Plugins/Animation/ControlRig/Content/Controls/ControlRig_HalfCircle_3mm.ubulk" 310
"../../../Engine/Plugins/Animation/ControlRig/Content/Controls/ControlRig_HalfCircle_3mm.uasset" 311
"../../../Engine/Plugins/Animation/ControlRig/Content/Controls/ControlRig_HalfCircle_3mm.uexp" 312
"../../../Engine/Plugins/Animation/ControlRig/Content/Controls/ControlRig_HalfCircle_1mm.ubulk" 313
"../../../Engine/Plugins/Animation/ControlRig/Content/Controls/ControlRig_HalfCircle_1mm.uasset" 314
"../../../Engine/Plugins/Animation/ControlRig/Content/Controls/ControlRig_HalfCircle_1mm.uexp" 315
"../../../Engine/Plugins/Animation/ControlRig/Content/Controls/ControlRig_Diamond_solid.ubulk" 316
"../../../Engine/Plugins/Animation/ControlRig/Content/Controls/ControlRig_Diamond_solid.uasset" 317
"../../../Engine/Plugins/Animation/ControlRig/Content/Controls/ControlRig_Diamond_solid.uexp" 318
"../../../Engine/Plugins/Animation/ControlRig/Content/Controls/ControlRig_Diamond_3mm.ubulk" 319
"../../../Engine/Plugins/Animation/ControlRig/Content/Controls/ControlRig_Diamond_3mm.uasset" 320
"../../../Engine/Plugins/Animation/ControlRig/Content/Controls/ControlRig_Diamond_3mm.uexp" 321
"../../../Engine/Plugins/Animation/ControlRig/Content/Controls/ControlRig_Diamond_1mm.ubulk" 322
"../../../Engine/Plugins/Animation/ControlRig/Content/Controls/ControlRig_Diamond_1mm.uasset" 323
"../../../Engine/Plugins/Animation/ControlRig/Content/Controls/ControlRig_Diamond_1mm.uexp" 324
"../../../Engine/Plugins/Animation/ControlRig/Content/Controls/ControlRig_Circle_solid.ubulk" 325
"../../../Engine/Plugins/Animation/ControlRig/Content/Controls/ControlRig_Circle_solid.uasset" 326
"../../../Engine/Plugins/Animation/ControlRig/Content/Controls/ControlRig_Circle_solid.uexp" 327
"../../../Engine/Plugins/Animation/ControlRig/Content/Controls/ControlRig_Circle_3mm.ubulk" 328
"../../../Engine/Plugins/Animation/ControlRig/Content/Controls/ControlRig_Circle_3mm.uasset" 329
"../../../Engine/Plugins/Animation/ControlRig/Content/Controls/ControlRig_Circle_3mm.uexp" 330
"../../../Engine/Plugins/Animation/ControlRig/Content/Controls/ControlRig_Circle_1mm.ubulk" 331
"../../../Engine/Plugins/Animation/ControlRig/Content/Controls/ControlRig_Circle_1mm.uasset" 332
"../../../Engine/Plugins/Animation/ControlRig/Content/Controls/ControlRig_Circle_1mm.uexp" 333
"../../../Engine/Plugins/Animation/ControlRig/Content/Controls/ControlRig_Box_solid.ubulk" 334
"../../../Engine/Plugins/Animation/ControlRig/Content/Controls/ControlRig_Box_solid.uasset" 335
"../../../Engine/Plugins/Animation/ControlRig/Content/Controls/ControlRig_Box_solid.uexp" 336
"../../../Engine/Plugins/Animation/ControlRig/Content/Controls/ControlRig_Box_3mm.ubulk" 337
"../../../Engine/Plugins/Animation/ControlRig/Content/Controls/ControlRig_Box_3mm.uasset" 338
"../../../Engine/Plugins/Animation/ControlRig/Content/Controls/ControlRig_Box_3mm.uexp" 339
"../../../Engine/Plugins/Animation/ControlRig/Content/Controls/ControlRig_Box_1mm.ubulk" 340
"../../../Engine/Plugins/Animation/ControlRig/Content/Controls/ControlRig_Box_1mm.uasset" 341
"../../../Engine/Plugins/Animation/ControlRig/Content/Controls/ControlRig_Box_1mm.uexp" 342
"../../../Engine/Plugins/Animation/ControlRig/Content/Controls/ControlRig_Arrow_solid.ubulk" 343
"../../../Engine/Plugins/Animation/ControlRig/Content/Controls/ControlRig_Arrow_solid.uasset" 344
"../../../Engine/Plugins/Animation/ControlRig/Content/Controls/ControlRig_Arrow_solid.uexp" 345
"../../../Engine/Plugins/Animation/ControlRig/Content/Controls/ControlRig_Arrow_3mm.ubulk" 346
"../../../Engine/Plugins/Animation/ControlRig/Content/Controls/ControlRig_Arrow_3mm.uasset" 347
"../../../Engine/Plugins/Animation/ControlRig/Content/Controls/ControlRig_Arrow_3mm.uexp" 348
"../../../Engine/Plugins/Animation/ControlRig/Content/Controls/ControlRig_Arrow_1mm.ubulk" 349
"../../../Engine/Plugins/Animation/ControlRig/Content/Controls/ControlRig_Arrow_1mm.uasset" 350
"../../../Engine/Plugins/Animation/ControlRig/Content/Controls/ControlRig_Arrow_1mm.uexp" 351
"../../../Engine/Plugins/Animation/ControlRig/Content/Controls/ControlRig_Arrow4_solid.ubulk" 352
"../../../Engine/Plugins/Animation/ControlRig/Content/Controls/ControlRig_Arrow4_solid.uasset" 353
"../../../Engine/Plugins/Animation/ControlRig/Content/Controls/ControlRig_Arrow4_solid.uexp" 354
"../../../Engine/Plugins/Animation/ControlRig/Content/Controls/ControlRig_Arrow4_3mm.ubulk" 355
"../../../Engine/Plugins/Animation/ControlRig/Content/Controls/ControlRig_Arrow4_3mm.uasset" 356
"../../../Engine/Plugins/Animation/ControlRig/Content/Controls/ControlRig_Arrow4_3mm.uexp" 357
"../../../Engine/Plugins/Animation/ControlRig/Content/Controls/ControlRig_Arrow4_1mm.ubulk" 358
"../../../Engine/Plugins/Animation/ControlRig/Content/Controls/ControlRig_Arrow4_1mm.uasset" 359
"../../../Engine/Plugins/Animation/ControlRig/Content/Controls/ControlRig_Arrow4_1mm.uexp" 360
"../../../Engine/Plugins/Animation/ControlRig/Content/Controls/ControlRig_Arrow2_solid.ubulk" 361
"../../../Engine/Plugins/Animation/ControlRig/Content/Controls/ControlRig_Arrow2_solid.uasset" 362
"../../../Engine/Plugins/Animation/ControlRig/Content/Controls/ControlRig_Arrow2_solid.uexp" 363
"../../../Engine/Plugins/Animation/ControlRig/Content/Controls/ControlRig_Arrow2_3mm.ubulk" 364
"../../../Engine/Plugins/Animation/ControlRig/Content/Controls/ControlRig_Arrow2_3mm.uasset" 365
"../../../Engine/Plugins/Animation/ControlRig/Content/Controls/ControlRig_Arrow2_3mm.uexp" 366
"../../../Engine/Plugins/Animation/ControlRig/Content/Controls/ControlRig_Arrow2_1mm.ubulk" 367
"../../../Engine/Plugins/Animation/ControlRig/Content/Controls/ControlRig_Arrow2_1mm.uasset" 368
"../../../Engine/Plugins/Animation/ControlRig/Content/Controls/ControlRig_Arrow2_1mm.uexp" 369
"../../../Engine/Plugins/Animation/ControlRig/Content/Controls/ControlRigXRayMaterial.uasset" 370
"../../../Engine/Plugins/Animation/ControlRig/Content/Controls/ControlRigXRayMaterial.uexp" 371
"../../../Engine/Plugins/Animation/ControlRig/Content/Controls/ControlRigGizmoMaterial.uasset" 372
"../../../Engine/Plugins/Animation/ControlRig/Content/Controls/ControlRigGizmoMaterial.uexp" 373
"../../../Engine/Content/EngineSounds/Master.uasset" 374
"../../../Engine/Content/EngineSounds/Master.uexp" 375
"../../../Engine/Content/EngineMaterials/Widget3DPassThrough_Opaque.uasset" 376
"../../../Engine/Content/EngineMaterials/Widget3DPassThrough_Opaque.uexp" 377
"../../../Engine/Content/EngineMaterials/Widget3DPassThrough_Opaque_OneSided.uasset" 378
"../../../Engine/Content/EngineMaterials/Widget3DPassThrough_Opaque_OneSided.uexp" 379
"../../../Engine/Content/EngineMaterials/Widget3DPassThrough_Masked_OneSided.uasset" 380
"../../../Engine/Content/EngineMaterials/Widget3DPassThrough_Masked_OneSided.uexp" 381
"../../../Engine/Content/EngineMaterials/Widget3DPassThrough_Masked.uasset" 382
"../../../Engine/Content/EngineMaterials/Widget3DPassThrough_Masked.uexp" 383
"../../../Engine/Content/EngineMaterials/STBlueNoise_vec2_128x128x64.uasset" 384
"../../../Engine/Content/EngineMaterials/STBlueNoise_vec2_128x128x64.uexp" 385
"../../../Engine/Content/EngineMaterials/STBlueNoise_scalar_128x128x64.uasset" 386
"../../../Engine/Content/EngineMaterials/STBlueNoise_scalar_128x128x64.uexp" 387
"../../../Engine/Content/EngineMaterials/RemoveSurfaceMaterial.uasset" 388
"../../../Engine/Content/EngineMaterials/RemoveSurfaceMaterial.uexp" 389
"../../../Engine/Content/EngineMaterials/DefaultCalibrationGrayscale.uasset" 390
"../../../Engine/Content/EngineMaterials/DefaultCalibrationGrayscale.uexp" 391
"../../../Engine/Content/EngineMaterials/PPM_DefaultCalibrationGrayscale.uasset" 392
"../../../Engine/Content/EngineMaterials/PPM_DefaultCalibrationGrayscale.uexp" 393
"../../../Engine/Content/EngineMaterials/DefaultCalibrationColor.uasset" 394
"../../../Engine/Content/EngineMaterials/DefaultCalibrationColor.uexp" 395
"../../../Engine/Content/EngineMaterials/PPM_DefaultCalibrationColor.uasset" 396
"../../../Engine/Content/EngineMaterials/PPM_DefaultCalibrationColor.uexp" 397
"../../../Engine/Content/EngineMaterials/PhAT_JointLimitMaterial.uasset" 398
"../../../Engine/Content/EngineMaterials/PhAT_JointLimitMaterial.uexp" 399
"../../../Engine/Content/EngineMaterials/NaniteHiddenSectionMaterial.uasset" 400
"../../../Engine/Content/EngineMaterials/NaniteHiddenSectionMaterial.uexp" 401
"../../../Engine/Content/EngineMaterials/InvalidLightmapSettings.ubulk" 402
"../../../Engine/Content/EngineMaterials/InvalidLightmapSettings.uasset" 403
"../../../Engine/Content/EngineMaterials/InvalidLightmapSettings.uexp" 404
"../../../Engine/Content/EngineMaterials/M_InvalidLightmapSettings.uasset" 405
"../../../Engine/Content/EngineMaterials/M_InvalidLightmapSettings.uexp" 406
"../../../Engine/Content/EngineMaterials/GizmoMaterial.uasset" 407
"../../../Engine/Content/EngineMaterials/GizmoMaterial.uexp" 408
"../../../Engine/Content/EngineMaterials/BaseFlattenEmissiveMap_VT.uasset" 409
"../../../Engine/Content/EngineMaterials/BaseFlattenEmissiveMap_VT.uexp" 410
"../../../Engine/Content/EngineMaterials/BaseFlattenGrayscaleMap_VT.uasset" 411
"../../../Engine/Content/EngineMaterials/BaseFlattenGrayscaleMap_VT.uexp" 412
"../../../Engine/Content/EngineMaterials/BaseFlattenLinearColor_VT.uasset" 413
"../../../Engine/Content/EngineMaterials/BaseFlattenLinearColor_VT.uexp" 414
"../../../Engine/Content/EngineMaterials/Black_1x1_EXR_Texture_VT.uasset" 415
"../../../Engine/Content/EngineMaterials/Black_1x1_EXR_Texture_VT.uexp" 416
"../../../Engine/Content/EngineMaterials/BaseFlattenDiffuseMap_VT.uasset" 417
"../../../Engine/Content/EngineMaterials/BaseFlattenDiffuseMap_VT.uexp" 418
"../../../Engine/Content/EngineMaterials/BaseFlattenNormalMap_VT.uasset" 419
"../../../Engine/Content/EngineMaterials/BaseFlattenNormalMap_VT.uexp" 420
"../../../Engine/Content/EngineMaterials/FlattenMaterial_WS_Normal_VT.uasset" 421
"../../../Engine/Content/EngineMaterials/FlattenMaterial_WS_Normal_VT.uexp" 422
"../../../Engine/Content/EngineMaterials/FlattenMaterial_VT.uasset" 423
"../../../Engine/Content/EngineMaterials/FlattenMaterial_VT.uexp" 424
"../../../Engine/Content/EngineMaterials/BaseFlattenNormalMap.uasset" 425
"../../../Engine/Content/EngineMaterials/BaseFlattenNormalMap.uexp" 426
"../../../Engine/Content/EngineMaterials/BaseFlattenGrayscaleMap.uasset" 427
"../../../Engine/Content/EngineMaterials/BaseFlattenGrayscaleMap.uexp" 428
"../../../Engine/Content/EngineMaterials/BaseFlattenDiffuseMap.uasset" 429
"../../../Engine/Content/EngineMaterials/BaseFlattenDiffuseMap.uexp" 430
"../../../Engine/Content/Functions/Engine_MaterialFunctions02/PivotPainter2/Black_1x1_EXR_Texture.uasset" 431
"../../../Engine/Content/Functions/Engine_MaterialFunctions02/PivotPainter2/Black_1x1_EXR_Texture.uexp" 432
"../../../Engine/Content/EngineMaterials/BaseFlattenEmissiveMap.uasset" 433
"../../../Engine/Content/EngineMaterials/BaseFlattenEmissiveMap.uexp" 434
"../../../Engine/Content/EngineMaterials/BaseFlattenLinearColor.uasset" 435
"../../../Engine/Content/EngineMaterials/BaseFlattenLinearColor.uexp" 436
"../../../Engine/Content/EngineMaterials/FlattenMaterial.uasset" 437
"../../../Engine/Content/EngineMaterials/FlattenMaterial.uexp" 438
"../../../Engine/Content/EngineMaterials/DefaultWhiteGrid_Low.uasset" 439
"../../../Engine/Content/EngineMaterials/DefaultWhiteGrid_Low.uexp" 440
"../../../Engine/Content/EngineMaterials/EmissiveMeshMaterial.uasset" 441
"../../../Engine/Content/EngineMaterials/EmissiveMeshMaterial.uexp" 442
"../../../Engine/Content/EngineFonts/RobotoDistanceField.uasset" 443
"../../../Engine/Content/EngineFonts/RobotoDistanceField.uexp" 444
"../../../Engine/Content/EngineMaterials/DefaultTextMaterialOpaque.uasset" 445
"../../../Engine/Content/EngineMaterials/DefaultTextMaterialOpaque.uexp" 446
"../../../Engine/Content/EngineMaterials/DefaultDiffuse.ubulk" 447
"../../../Engine/Content/EngineMaterials/DefaultDiffuse.uasset" 448
"../../../Engine/Content/EngineMaterials/DefaultDiffuse.uexp" 449
"../../../Engine/Content/Functions/Engine_MaterialFunctions02/Utility/BreakOutFloat2Components.uasset" 450
"../../../Engine/Content/Functions/Engine_MaterialFunctions02/Utility/BreakOutFloat2Components.uexp" 451
"../../../Engine/Content/EngineMaterials/DefaultPostProcessMaterial.uasset" 452
"../../../Engine/Content/EngineMaterials/DefaultPostProcessMaterial.uexp" 453
"../../../Engine/Content/EngineMaterials/DefaultPhysicalMaterial.uasset" 454
"../../../Engine/Content/EngineMaterials/DefaultPhysicalMaterial.uexp" 455
"../../../Engine/Content/EngineMaterials/DefaultLightFunctionMaterial.uasset" 456
"../../../Engine/Content/EngineMaterials/DefaultLightFunctionMaterial.uexp" 457
"../../../Engine/Content/EngineMaterials/DefaultDestructiblePhysicalMaterial.uasset" 458
"../../../Engine/Content/EngineMaterials/DefaultDestructiblePhysicalMaterial.uexp" 459
"../../../Engine/Content/EngineMaterials/DefaultDeferredDecalMaterial.uasset" 460
"../../../Engine/Content/EngineMaterials/DefaultDeferredDecalMaterial.uexp" 461
"../../../Engine/Content/EngineMaterials/DefaultBloomKernel.uasset" 462
"../../../Engine/Content/EngineMaterials/DefaultBloomKernel.uexp" 463
"../../../Engine/Content/EngineFonts/Faces/RobotoLight.uexp" 464
"../../../Engine/Content/EngineFonts/Faces/RobotoLight.uasset" 465
"../../../Engine/Content/EngineFonts/Faces/RobotoLight.ufont" 466
"../../../Engine/Content/EngineFonts/Faces/RobotoBold.uexp" 467
"../../../Engine/Content/EngineFonts/Faces/RobotoBold.uasset" 468
"../../../Engine/Content/EngineFonts/Faces/RobotoBold.ufont" 469
"../../../Engine/Content/EngineFonts/Faces/RobotoRegular.uexp" 470
"../../../Engine/Content/EngineFonts/Faces/RobotoRegular.uasset" 471
"../../../Engine/Content/EngineFonts/Faces/RobotoRegular.ufont" 472
"../../../Engine/Content/EngineFonts/Faces/DroidSansFallback.uexp" 473
"../../../Engine/Content/EngineFonts/Faces/DroidSansFallback.uasset" 474
"../../../Engine/Content/EngineFonts/Faces/DroidSansFallback.ufont" 475
"../../../Engine/Content/EngineFonts/Faces/RobotoItalic.uexp" 476
"../../../Engine/Content/EngineFonts/Faces/RobotoItalic.uasset" 477
"../../../Engine/Content/EngineFonts/Faces/RobotoItalic.ufont" 478
"../../../Engine/Content/EngineFonts/Faces/RobotoBoldItalic.uexp" 479
"../../../Engine/Content/EngineFonts/Faces/RobotoBoldItalic.uasset" 480
"../../../Engine/Content/EngineFonts/Faces/RobotoBoldItalic.ufont" 481
"../../../Engine/Content/EngineFonts/Roboto.uasset" 482
"../../../Engine/Content/EngineFonts/Roboto.uexp" 483
"../../../Engine/Content/EngineDebugMaterials/DebugMeshMaterial.uasset" 484
"../../../Engine/Content/EngineDebugMaterials/DebugMeshMaterial.uexp" 485
"../../../Engine/Content/EngineDebugMaterials/DebugEditorMaterial.uasset" 486
"../../../Engine/Content/EngineDebugMaterials/DebugEditorMaterial.uexp" 487
"../../../Engine/Content/EngineDamageTypes/DmgTypeBP_Environmental.uasset" 488
"../../../Engine/Content/EngineDamageTypes/DmgTypeBP_Environmental.uexp" 489
"../../../Engine/Content/EditorResources/S_Terrain.ubulk" 490
"../../../Engine/Content/EditorResources/S_Terrain.uasset" 491
"../../../Engine/Content/EditorResources/S_Terrain.uexp" 492
"../../../Engine/Content/EditorResources/EmptyActor.uasset" 493
"../../../Engine/Content/EditorResources/EmptyActor.uexp" 494
"../../../Engine/Content/EditorResources/BSPVertex.uasset" 495
"../../../Engine/Content/EditorResources/BSPVertex.uexp" 496
"../../../Engine/Content/EditorMaterials/PreviewShadowIndicator.ubulk" 497
"../../../Engine/Content/EditorMaterials/PreviewShadowIndicator.uasset" 498
"../../../Engine/Content/EditorMaterials/PreviewShadowIndicator.uexp" 499
"../../../Engine/Content/EditorMaterials/PreviewShadowIndicatorMaterial.uasset" 500
"../../../Engine/Content/EditorMaterials/PreviewShadowIndicatorMaterial.uexp" 501
"../../../Engine/Content/EditorMaterials/PhAT_UnselectedMaterial.uasset" 502
"../../../Engine/Content/EditorMaterials/PhAT_UnselectedMaterial.uexp" 503
"../../../Engine/Content/EditorMaterials/PhAT_NoCollisionMaterial.uasset" 504
"../../../Engine/Content/EditorMaterials/PhAT_NoCollisionMaterial.uexp" 505
"../../../Engine/Content/EditorLandscapeResources/DefaultAlphaTexture.uasset" 506
"../../../Engine/Content/EditorLandscapeResources/DefaultAlphaTexture.uexp" 507
"../../../Engine/Content/EditorLandscapeResources/DataLayer.uasset" 508
"../../../Engine/Content/EditorLandscapeResources/DataLayer.uexp" 509
"../../../Engine/Content/EngineMaterials/DefaultMaterial.uasset" 510
"../../../Engine/Content/EngineMaterials/DefaultMaterial.uexp" 511
"../../../Engine/Content/BasicShapes/Sphere.ubulk" 512
"../../../Engine/Content/BasicShapes/Sphere.uasset" 513
"../../../Engine/Content/BasicShapes/Sphere.uexp" 514
"../../../Engine/Content/BasicShapes/Cylinder.ubulk" 515
"../../../Engine/Content/BasicShapes/Cylinder.uasset" 516
"../../../Engine/Content/BasicShapes/Cylinder.uexp" 517
"../../../Engine/Content/BasicShapes/Cube.ubulk" 518
"../../../Engine/Content/BasicShapes/Cube.uasset" 519
"../../../Engine/Content/BasicShapes/Cube.uexp" 520
"../../../Engine/Content/BasicShapes/Cone.ubulk" 521
"../../../Engine/Content/BasicShapes/Cone.uasset" 522
"../../../Engine/Content/BasicShapes/Cone.uexp" 523
"../../../Engine/Content/MobileResources/HUD/VirtualJoystick_Background.uasset" 524
"../../../Engine/Content/MobileResources/HUD/VirtualJoystick_Background.uexp" 525
"../../../Engine/Content/MobileResources/HUD/VirtualJoystick_Thumb.uasset" 526
"../../../Engine/Content/MobileResources/HUD/VirtualJoystick_Thumb.uexp" 527
"../../../Engine/Content/MobileResources/HUD/DefaultVirtualJoysticks.uasset" 528
"../../../Engine/Content/MobileResources/HUD/DefaultVirtualJoysticks.uexp" 529
"../../../Engine/Content/EngineSky/VolumetricClouds/CloudWeatherTexture.uasset" 530
"../../../Engine/Content/EngineSky/VolumetricClouds/CloudWeatherTexture.uexp" 531
"../../../Engine/Content/Functions/Engine_MaterialFunctions02/Utility/MakeFloat2.uasset" 532
"../../../Engine/Content/Functions/Engine_MaterialFunctions02/Utility/MakeFloat2.uexp" 533
"../../../Engine/Content/EngineSky/VolumetricClouds/CloudGradientTexture.uasset" 534
"../../../Engine/Content/EngineSky/VolumetricClouds/CloudGradientTexture.uexp" 535
"../../../Engine/Content/EngineSky/VolumetricClouds/T_NoiseShape64.ubulk" 536
"../../../Engine/Content/EngineSky/VolumetricClouds/T_NoiseShape64.uasset" 537
"../../../Engine/Content/EngineSky/VolumetricClouds/T_NoiseShape64.uexp" 538
"../../../Engine/Content/EngineSky/VolumetricClouds/T_VolumeNoiseShape64.uasset" 539
"../../../Engine/Content/EngineSky/VolumetricClouds/T_VolumeNoiseShape64.uexp" 540
"../../../Engine/Content/EngineSky/VolumetricClouds/T_NoiseErosion.ubulk" 541
"../../../Engine/Content/EngineSky/VolumetricClouds/T_NoiseErosion.uasset" 542
"../../../Engine/Content/EngineSky/VolumetricClouds/T_NoiseErosion.uexp" 543
"../../../Engine/Content/EngineSky/VolumetricClouds/T_VolumeNoiseErosion32.uasset" 544
"../../../Engine/Content/EngineSky/VolumetricClouds/T_VolumeNoiseErosion32.uexp" 545
"../../../Engine/Content/EngineSky/VolumetricClouds/m_SimpleVolumetricCloud.uasset" 546
"../../../Engine/Content/EngineSky/VolumetricClouds/m_SimpleVolumetricCloud.uexp" 547
"../../../Engine/Content/EngineSky/VolumetricClouds/m_SimpleVolumetricCloud_Inst.uasset" 548
"../../../Engine/Content/EngineSky/VolumetricClouds/m_SimpleVolumetricCloud_Inst.uexp" 549
"../../../Engine/Content/EngineResources/FilmGrains/Marcie_Grain_v3_128_M2_000.uasset" 550
"../../../Engine/Content/EngineResources/FilmGrains/Marcie_Grain_v3_128_M2_000.uexp" 551
"../../../Engine/Content/EditorResources/SequenceRecorder/RecordingIndicator.uasset" 552
"../../../Engine/Content/EditorResources/SequenceRecorder/RecordingIndicator.uexp" 553
"../../../Engine/Content/EditorResources/SequenceRecorder/Countdown.uasset" 554
"../../../Engine/Content/EditorResources/SequenceRecorder/Countdown.uexp" 555
"../../../Engine/Content/EditorResources/LightIcons/S_LightError.uasset" 556
"../../../Engine/Content/EditorResources/LightIcons/S_LightError.uexp" 557
"../../../Engine/Content/Functions/Engine_MaterialFunctions01/Shading/PowerToRoughness.uasset" 558
"../../../Engine/Content/Functions/Engine_MaterialFunctions01/Shading/PowerToRoughness.uexp" 559
"../../../Engine/Content/Functions/Engine_MaterialFunctions01/Shading/ConvertFromDiffSpec.uasset" 560
"../../../Engine/Content/Functions/Engine_MaterialFunctions01/Shading/ConvertFromDiffSpec.uexp" 561
"../../../Engine/Content/BasicShapes/Plane.ubulk" 562
"../../../Engine/Content/BasicShapes/Plane.uasset" 563
"../../../Engine/Content/BasicShapes/Plane.uexp" 564
"C:/Users/jame_/source/repos/UE5/ShootNumbers/Content/Maps/MainMenu_BuiltData.ubulk" 565
"C:/Users/jame_/source/repos/UE5/ShootNumbers/Content/Maps/MainMenu_BuiltData.uasset" 566
"C:/Users/jame_/source/repos/UE5/ShootNumbers/Content/Maps/MainMenu_BuiltData.uexp" 567
"C:/Users/jame_/source/repos/UE5/ShootNumbers/Content/Blueprints/BP_MainMenuMode.uasset" 568
"C:/Users/jame_/source/repos/UE5/ShootNumbers/Content/Blueprints/BP_MainMenuMode.uexp" 569
"C:/Users/jame_/source/repos/UE5/ShootNumbers/Content/Materials/M_Ground.uasset" 570
"C:/Users/jame_/source/repos/UE5/ShootNumbers/Content/Materials/M_Ground.uexp" 571
"C:/Users/jame_/source/repos/UE5/ShootNumbers/Content/Materials/Obstacles/M_Obstacle.uasset" 572
"C:/Users/jame_/source/repos/UE5/ShootNumbers/Content/Materials/Obstacles/M_Obstacle.uexp" 573
"C:/Users/jame_/source/repos/UE5/ShootNumbers/Content/Materials/Obstacles/MI_Obstacle.uasset" 574
"C:/Users/jame_/source/repos/UE5/ShootNumbers/Content/Materials/Obstacles/MI_Obstacle.uexp" 575
"../../../Engine/Content/VREditor/BasicMeshes/T_CleanFloorGrunge_01_D.ubulk" 576
"../../../Engine/Content/VREditor/BasicMeshes/T_CleanFloorGrunge_01_D.uasset" 577
"../../../Engine/Content/VREditor/BasicMeshes/T_CleanFloorGrunge_01_D.uexp" 578
"../../../Engine/Content/VREditor/BasicMeshes/M_Floor_01.uasset" 579
"../../../Engine/Content/VREditor/BasicMeshes/M_Floor_01.uexp" 580
"C:/Users/jame_/source/repos/UE5/ShootNumbers/Content/Materials/Upgrade/MI_FireRate.uasset" 581
"C:/Users/jame_/source/repos/UE5/ShootNumbers/Content/Materials/Upgrade/MI_FireRate.uexp" 582
"C:/Users/jame_/source/repos/UE5/ShootNumbers/Content/Meshes/SM_Cube.ubulk" 583
"C:/Users/jame_/source/repos/UE5/ShootNumbers/Content/Meshes/SM_Cube.uasset" 584
"C:/Users/jame_/source/repos/UE5/ShootNumbers/Content/Meshes/SM_Cube.uexp" 585
"C:/Users/jame_/source/repos/UE5/ShootNumbers/Content/Sounds/PickUpSound.ubulk" 586
"C:/Users/jame_/source/repos/UE5/ShootNumbers/Content/Sounds/PickUpSound.uasset" 587
"C:/Users/jame_/source/repos/UE5/ShootNumbers/Content/Sounds/PickUpSound.uexp" 588
"C:/Users/jame_/source/repos/UE5/ShootNumbers/Content/Blueprints/Upgrade/BP_PlayerRateOfFireUpgrade.uasset" 589
"C:/Users/jame_/source/repos/UE5/ShootNumbers/Content/Blueprints/Upgrade/BP_PlayerRateOfFireUpgrade.uexp" 590
"C:/Users/jame_/source/repos/UE5/ShootNumbers/Content/Sounds/BoxDestroy.ubulk" 591
"C:/Users/jame_/source/repos/UE5/ShootNumbers/Content/Sounds/BoxDestroy.uasset" 592
"C:/Users/jame_/source/repos/UE5/ShootNumbers/Content/Sounds/BoxDestroy.uexp" 593
"C:/Users/jame_/source/repos/UE5/ShootNumbers/Content/Blueprints/Obstacles/BP_ObstacleMenu.uasset" 594
"C:/Users/jame_/source/repos/UE5/ShootNumbers/Content/Blueprints/Obstacles/BP_ObstacleMenu.uexp" 595
"C:/Users/jame_/source/repos/UE5/ShootNumbers/Content/Sounds/GameplaythemeSound.ubulk" 596
"C:/Users/jame_/source/repos/UE5/ShootNumbers/Content/Sounds/GameplaythemeSound.uasset" 597
"C:/Users/jame_/source/repos/UE5/ShootNumbers/Content/Sounds/GameplaythemeSound.uexp" 598
"../../../Engine/Content/EditorBlueprintResources/StandardMacros.uasset" 599
"../../../Engine/Content/EditorBlueprintResources/StandardMacros.uexp" 600
"C:/Users/jame_/source/repos/UE5/ShootNumbers/Content/Blueprints/UI/WBP_MainMenu.uasset" 601
"C:/Users/jame_/source/repos/UE5/ShootNumbers/Content/Blueprints/UI/WBP_MainMenu.uexp" 602
"C:/Users/jame_/source/repos/UE5/ShootNumbers/Content/Maps/MainMenu.uexp" 603
"C:/Users/jame_/source/repos/UE5/ShootNumbers/Content/Maps/MainMenu.umap" 604
"../../../Engine/Content/VREditor/BasicMeshes/MI_Ball_01.uasset" 605
"../../../Engine/Content/VREditor/BasicMeshes/MI_Ball_01.uexp" 606
"C:/Users/jame_/source/repos/UE5/ShootNumbers/Content/Meshes/SM_Projectile.ubulk" 607
"C:/Users/jame_/source/repos/UE5/ShootNumbers/Content/Meshes/SM_Projectile.uasset" 608
"C:/Users/jame_/source/repos/UE5/ShootNumbers/Content/Meshes/SM_Projectile.uexp" 609
"C:/Users/jame_/source/repos/UE5/ShootNumbers/Content/Blueprints/Projectile/BP_Projectile.uasset" 610
"C:/Users/jame_/source/repos/UE5/ShootNumbers/Content/Blueprints/Projectile/BP_Projectile.uexp" 611
"C:/Users/jame_/source/repos/UE5/ShootNumbers/Content/Materials/Player/M_Player.uasset" 612
"C:/Users/jame_/source/repos/UE5/ShootNumbers/Content/Materials/Player/M_Player.uexp" 613
"C:/Users/jame_/source/repos/UE5/ShootNumbers/Content/Sounds/ShootSound.ubulk" 614
"C:/Users/jame_/source/repos/UE5/ShootNumbers/Content/Sounds/ShootSound.uasset" 615
"C:/Users/jame_/source/repos/UE5/ShootNumbers/Content/Sounds/ShootSound.uexp" 616
"C:/Users/jame_/source/repos/UE5/ShootNumbers/Content/Blueprints/Player/BP_SpaceShipPawn.uasset" 617
"C:/Users/jame_/source/repos/UE5/ShootNumbers/Content/Blueprints/Player/BP_SpaceShipPawn.uexp" 618
"C:/Users/jame_/source/repos/UE5/ShootNumbers/Content/Blueprints/UI/WBP_PlayerHud.uasset" 619
"C:/Users/jame_/source/repos/UE5/ShootNumbers/Content/Blueprints/UI/WBP_PlayerHud.uexp" 620
"C:/Users/jame_/source/repos/UE5/ShootNumbers/Content/Blueprints/UI/WBP_PauseMenu.uasset" 621
"C:/Users/jame_/source/repos/UE5/ShootNumbers/Content/Blueprints/UI/WBP_PauseMenu.uexp" 622
"C:/Users/jame_/source/repos/UE5/ShootNumbers/Content/Sounds/GameOverSound.ubulk" 623
"C:/Users/jame_/source/repos/UE5/ShootNumbers/Content/Sounds/GameOverSound.uasset" 624
"C:/Users/jame_/source/repos/UE5/ShootNumbers/Content/Sounds/GameOverSound.uexp" 625
"C:/Users/jame_/source/repos/UE5/ShootNumbers/Content/Blueprints/UI/WBP_GameOver.uasset" 626
"C:/Users/jame_/source/repos/UE5/ShootNumbers/Content/Blueprints/UI/WBP_GameOver.uexp" 627
"C:/Users/jame_/source/repos/UE5/ShootNumbers/Content/Blueprints/Player/BP_SpaceShipController.uasset" 628
"C:/Users/jame_/source/repos/UE5/ShootNumbers/Content/Blueprints/Player/BP_SpaceShipController.uexp" 629
"C:/Users/jame_/source/repos/UE5/ShootNumbers/Content/Blueprints/BP_GameMode.uasset" 630
"C:/Users/jame_/source/repos/UE5/ShootNumbers/Content/Blueprints/BP_GameMode.uexp" 631
"C:/Users/jame_/source/repos/UE5/ShootNumbers/Content/Materials/Upgrade/MI_Ball_01.uasset" 632
"C:/Users/jame_/source/repos/UE5/ShootNumbers/Content/Materials/Upgrade/MI_Ball_01.uexp" 633
"C:/Users/jame_/source/repos/UE5/ShootNumbers/Content/Materials/Upgrade/MI_Damage.uasset" 634
"C:/Users/jame_/source/repos/UE5/ShootNumbers/Content/Materials/Upgrade/MI_Damage.uexp" 635
"C:/Users/jame_/source/repos/UE5/ShootNumbers/Content/Blueprints/Upgrade/BP_PlayerDamageUpgrade.uasset" 636
"C:/Users/jame_/source/repos/UE5/ShootNumbers/Content/Blueprints/Upgrade/BP_PlayerDamageUpgrade.uexp" 637
"C:/Users/jame_/source/repos/UE5/ShootNumbers/Content/Blueprints/Obstacles/BP_Obstacle.uasset" 638
"C:/Users/jame_/source/repos/UE5/ShootNumbers/Content/Blueprints/Obstacles/BP_Obstacle.uexp" 639
"C:/Users/jame_/source/repos/UE5/ShootNumbers/Content/Blueprints/BP_Barrier.uasset" 640
"C:/Users/jame_/source/repos/UE5/ShootNumbers/Content/Blueprints/BP_Barrier.uexp" 641
"../../../Engine/Content/EngineSky/T_Sky_Stars.ubulk" 642
"../../../Engine/Content/EngineSky/T_Sky_Stars.uasset" 643
"../../../Engine/Content/EngineSky/T_Sky_Stars.uexp" 644
"../../../Engine/Content/EngineSky/T_Sky_Clouds_M.ubulk" 645
"../../../Engine/Content/EngineSky/T_Sky_Clouds_M.uasset" 646
"../../../Engine/Content/EngineSky/T_Sky_Clouds_M.uexp" 647
"../../../Engine/Content/EngineSky/T_Sky_Blue.ubulk" 648
"../../../Engine/Content/EngineSky/T_Sky_Blue.uasset" 649
"../../../Engine/Content/EngineSky/T_Sky_Blue.uexp" 650
"../../../Engine/Content/EngineSky/M_Sky_Panning_Clouds2.uasset" 651
"../../../Engine/Content/EngineSky/M_Sky_Panning_Clouds2.uexp" 652
"../../../Engine/Content/EngineSky/SM_SkySphere.ubulk" 653
"../../../Engine/Content/EngineSky/SM_SkySphere.uasset" 654
"../../../Engine/Content/EngineSky/SM_SkySphere.uexp" 655
"C:/Users/jame_/source/repos/UE5/ShootNumbers/Content/Maps/DefaultPlayground_BuiltData.uasset" 656
"C:/Users/jame_/source/repos/UE5/ShootNumbers/Content/Maps/DefaultPlayground_BuiltData.uexp" 657
"../../../Engine/Content/MapTemplates/SM_Template_Map_Floor.ubulk" 658
"../../../Engine/Content/MapTemplates/SM_Template_Map_Floor.uasset" 659
"../../../Engine/Content/MapTemplates/SM_Template_Map_Floor.uexp" 660
"C:/Users/jame_/source/repos/UE5/ShootNumbers/Content/Blueprints/Obstacles/BP_ObstacleGenerator.uasset" 661
"C:/Users/jame_/source/repos/UE5/ShootNumbers/Content/Blueprints/Obstacles/BP_ObstacleGenerator.uexp" 662
"../../../Engine/Content/EngineSky/M_SimpleSkyDome.uasset" 663
"../../../Engine/Content/EngineSky/M_SimpleSkyDome.uexp" 664
"C:/Users/jame_/source/repos/UE5/ShootNumbers/Content/Maps/DefaultPlayground.uexp" 665
"C:/Users/jame_/source/repos/UE5/ShootNumbers/Content/Maps/DefaultPlayground.umap" 666
"../../../Engine/Content/Maps/Entry_BuiltData.uasset" 667
"../../../Engine/Content/Maps/Entry_BuiltData.uexp" 668
"../../../Engine/Content/Maps/Entry.uexp" 669
"../../../Engine/Content/Maps/Entry.umap" 670
